<?xml version="1.0" encoding="UTF-8"?>
<!-- Generated by org.testng.reporters.JUnitReportReporter -->
<testsuite hostname="DESKTOP-1QL7GLE" failures="0" tests="28" name="global_logistic.globalHomePageTest" time="44.904" errors="1" timestamp="2025-01-08T23:56:38 IST" skipped="0">
  <testcase classname="global_logistic.globalHomePageTest" name="image" time="0.144"/>
  <testcase classname="global_logistic.globalHomePageTest" name="search" time="0.168"/>
  <testcase classname="global_logistic.globalHomePageTest" name="searchname" time="0.130"/>
  <testcase classname="global_logistic.globalHomePageTest" name="clicksearch" time="0.779"/>
  <testcase classname="global_logistic.globalHomePageTest" name="whoweare" time="0.844"/>
  <testcase classname="global_logistic.globalHomePageTest" name="whatwedo" time="0.427"/>
  <testcase classname="global_logistic.globalHomePageTest" name="intfreight" time="0.381"/>
  <testcase classname="global_logistic.globalHomePageTest" name="FB" time="0.008"/>
  <testcase classname="global_logistic.globalHomePageTest" name="TW" time="0.016"/>
  <testcase classname="global_logistic.globalHomePageTest" name="landtransportation" time="0.275"/>
  <testcase classname="global_logistic.globalHomePageTest" name="getquote" time="1.185"/>
  <testcase classname="global_logistic.globalHomePageTest" name="name" time="0.238"/>
  <testcase classname="global_logistic.globalHomePageTest" name="email" time="0.247"/>
  <testcase classname="global_logistic.globalHomePageTest" name="number" time="0.191"/>
  <testcase classname="global_logistic.globalHomePageTest" name="subject" time="0.333"/>
  <testcase classname="global_logistic.globalHomePageTest" name="message" time="0.460"/>
  <testcase classname="global_logistic.globalHomePageTest" name="submit" time="4.803"/>
  <testcase classname="global_logistic.globalHomePageTest" name="home" time="0.730"/>
  <testcase classname="global_logistic.globalHomePageTest" name="career" time="0.453"/>
  <testcase classname="global_logistic.globalHomePageTest" name="yourname" time="0.152"/>
  <testcase classname="global_logistic.globalHomePageTest" name="youremail" time="0.142"/>
  <testcase classname="global_logistic.globalHomePageTest" name="yournumber" time="0.143"/>
  <testcase classname="global_logistic.globalHomePageTest" name="choosefile" time="0.065"/>
  <testcase classname="global_logistic.globalHomePageTest" name="yoursubject" time="0.148"/>
  <testcase classname="global_logistic.globalHomePageTest" name="yourmessage" time="0.270"/>
  <testcase classname="global_logistic.globalHomePageTest" name="send" time="0.878"/>
  <testcase classname="global_logistic.globalHomePageTest" name="contact" time="0.615"/>
  <testcase classname="global_logistic.globalHomePageTest" name="mapzoom" time="30.679">
    <error message="target frame detached: received Inspector.detached event
  (failed to check if window was closed: disconnected: not connected to DevTools)
  (Session info: chrome=131.0.6778.264)
Build info: version: &#039;4.18.1&#039;, revision: &#039;b1d3319b48&#039;
System info: os.name: &#039;Windows 10&#039;, os.arch: &#039;amd64&#039;, os.version: &#039;10.0&#039;, java.version: &#039;21.0.5&#039;
Driver info: org.openqa.selenium.chrome.ChromeDriver
Command: [7ae5df0791d2ab07a75cb405c21c6ace, findElement {using=xpath, value=//button[@aria-label=&quot;Zoom in&quot;]}]
Capabilities {acceptInsecureCerts: false, browserName: chrome, browserVersion: 131.0.6778.264, chrome: {chromedriverVersion: 131.0.6778.264 (2d05e315153..., userDataDir: C:\Users\HARSHS~1\AppData\L...}, fedcm:accounts: true, goog:chromeOptions: {debuggerAddress: localhost:61716}, networkConnectionEnabled: false, pageLoadStrategy: normal, platformName: windows, proxy: Proxy(), se:cdp: ws://localhost:61716/devtoo..., se:cdpVersion: 131.0.6778.264, setWindowRect: true, strictFileInteractability: false, timeouts: {implicit: 0, pageLoad: 300000, script: 30000}, unhandledPromptBehavior: dismiss and notify, webauthn:extension:credBlob: true, webauthn:extension:largeBlob: true, webauthn:extension:minPinLength: true, webauthn:extension:prf: true, webauthn:virtualAuthenticators: true}
Session ID: 7ae5df0791d2ab07a75cb405c21c6ace" type="org.openqa.selenium.WebDriverException">
      <![CDATA[org.openqa.selenium.WebDriverException: target frame detached: received Inspector.detached event
  (failed to check if window was closed: disconnected: not connected to DevTools)
  (Session info: chrome=131.0.6778.264)
Build info: version: '4.18.1', revision: 'b1d3319b48'
System info: os.name: 'Windows 10', os.arch: 'amd64', os.version: '10.0', java.version: '21.0.5'
Driver info: org.openqa.selenium.chrome.ChromeDriver
Command: [7ae5df0791d2ab07a75cb405c21c6ace, findElement {using=xpath, value=//button[@aria-label="Zoom in"]}]
Capabilities {acceptInsecureCerts: false, browserName: chrome, browserVersion: 131.0.6778.264, chrome: {chromedriverVersion: 131.0.6778.264 (2d05e315153..., userDataDir: C:\Users\HARSHS~1\AppData\L...}, fedcm:accounts: true, goog:chromeOptions: {debuggerAddress: localhost:61716}, networkConnectionEnabled: false, pageLoadStrategy: normal, platformName: windows, proxy: Proxy(), se:cdp: ws://localhost:61716/devtoo..., se:cdpVersion: 131.0.6778.264, setWindowRect: true, strictFileInteractability: false, timeouts: {implicit: 0, pageLoad: 300000, script: 30000}, unhandledPromptBehavior: dismiss and notify, webauthn:extension:credBlob: true, webauthn:extension:largeBlob: true, webauthn:extension:minPinLength: true, webauthn:extension:prf: true, webauthn:virtualAuthenticators: true}
Session ID: 7ae5df0791d2ab07a75cb405c21c6ace
at java.base/jdk.internal.reflect.DirectConstructorHandleAccessor.newInstance(DirectConstructorHandleAccessor.java:62)
at java.base/java.lang.reflect.Constructor.newInstanceWithCaller(Constructor.java:502)
at java.base/java.lang.reflect.Constructor.newInstance(Constructor.java:486)
at org.openqa.selenium.remote.ErrorCodec.decode(ErrorCodec.java:167)
at org.openqa.selenium.remote.codec.w3c.W3CHttpResponseCodec.decode(W3CHttpResponseCodec.java:138)
at org.openqa.selenium.remote.codec.w3c.W3CHttpResponseCodec.decode(W3CHttpResponseCodec.java:50)
at org.openqa.selenium.remote.HttpCommandExecutor.execute(HttpCommandExecutor.java:190)
at org.openqa.selenium.remote.service.DriverCommandExecutor.invokeExecute(DriverCommandExecutor.java:216)
at org.openqa.selenium.remote.service.DriverCommandExecutor.execute(DriverCommandExecutor.java:174)
at org.openqa.selenium.remote.RemoteWebDriver.execute(RemoteWebDriver.java:519)
at org.openqa.selenium.remote.ElementLocation$ElementFinder$2.findElement(ElementLocation.java:165)
at org.openqa.selenium.remote.ElementLocation.findElement(ElementLocation.java:59)
at org.openqa.selenium.remote.RemoteWebDriver.findElement(RemoteWebDriver.java:356)
at org.openqa.selenium.remote.RemoteWebDriver.findElement(RemoteWebDriver.java:350)
at global_logistic.globalHomePageTest.mapzoom(globalHomePageTest.java:174)
at java.base/jdk.internal.reflect.DirectMethodHandleAccessor.invoke(DirectMethodHandleAccessor.java:103)
at java.base/java.lang.reflect.Method.invoke(Method.java:580)
at org.testng.internal.invokers.MethodInvocationHelper.invokeMethod(MethodInvocationHelper.java:141)
at org.testng.internal.invokers.TestInvoker.invokeMethod(TestInvoker.java:686)
at org.testng.internal.invokers.TestInvoker.invokeTestMethod(TestInvoker.java:230)
at org.testng.internal.invokers.MethodRunner.runInSequence(MethodRunner.java:63)
at org.testng.internal.invokers.TestInvoker$MethodInvocationAgent.invoke(TestInvoker.java:992)
at org.testng.internal.invokers.TestInvoker.invokeTestMethods(TestInvoker.java:203)
at org.testng.internal.invokers.TestMethodWorker.invokeTestMethods(TestMethodWorker.java:154)
at org.testng.internal.invokers.TestMethodWorker.run(TestMethodWorker.java:134)
at java.base/java.util.ArrayList.forEach(ArrayList.java:1596)
at org.testng.TestRunner.privateRun(TestRunner.java:739)
at org.testng.TestRunner.run(TestRunner.java:614)
at org.testng.SuiteRunner.runTest(SuiteRunner.java:421)
at org.testng.SuiteRunner.runSequentially(SuiteRunner.java:413)
at org.testng.SuiteRunner.privateRun(SuiteRunner.java:373)
at org.testng.SuiteRunner.run(SuiteRunner.java:312)
at org.testng.SuiteRunnerWorker.runSuite(SuiteRunnerWorker.java:52)
at org.testng.SuiteRunnerWorker.run(SuiteRunnerWorker.java:95)
at org.testng.TestNG.runSuitesSequentially(TestNG.java:1274)
at org.testng.TestNG.runSuitesLocally(TestNG.java:1208)
at org.testng.TestNG.runSuites(TestNG.java:1112)
at org.testng.TestNG.run(TestNG.java:1079)
at org.testng.remote.AbstractRemoteTestNG.run(AbstractRemoteTestNG.java:115)
at org.testng.remote.RemoteTestNG.initAndRun(RemoteTestNG.java:293)
at org.testng.remote.RemoteTestNG.main(RemoteTestNG.java:91)
]]>
    </error>
  </testcase> <!-- mapzoom -->
</testsuite> <!-- global_logistic.globalHomePageTest -->
